<?xml version="1.0" encoding="UTF-8"?>
<!-- Generated by org.testng.reporters.JUnitXMLReporter -->
<testsuite hostname="DESKTOP-TFKS6P7" ignored="14" name="Test" tests="7" failures="0" timestamp="24 Jun 2020 17:04:31 GMT" time="61.034" errors="0">
  <testcase name="testLogin" time="4.882" classname="com.mercury.testcases.TC1"/>
  <testcase name="testflight" time="15.393" classname="com.mercury.testcases.TC2"/>
  <testcase name="testcontinuetoreserve" time="5.814" classname="com.mercury.testcases.TC3"/>
  <testcase name="testpassengerinfo" time="1.814" classname="com.mercury.testcases.TC4"/>
  <testcase name="testcreditcard" time="2.974" classname="com.mercury.testcases.TC5"/>
  <testcase name="testaddress" time="6.815" classname="com.mercury.testcases.TC6"/>
  <testcase name="purchaseandbackhome" time="4.964" classname="com.mercury.testcases.TC7"/>
  <testcase name="@BeforeTest launchbrowserandurl" time="0.0" classname="com.mercury.basedriver.Basedriver">
    <ignored/>
  </testcase> <!-- @BeforeTest launchbrowserandurl -->
  <testcase name="@BeforeTest launchbrowserandurl" time="0.0" classname="com.mercury.basedriver.Basedriver">
    <ignored/>
  </testcase> <!-- @BeforeTest launchbrowserandurl -->
  <testcase name="@BeforeTest launchbrowserandurl" time="0.0" classname="com.mercury.basedriver.Basedriver">
    <ignored/>
  </testcase> <!-- @BeforeTest launchbrowserandurl -->
  <testcase name="@BeforeTest launchbrowserandurl" time="0.0" classname="com.mercury.basedriver.Basedriver">
    <ignored/>
  </testcase> <!-- @BeforeTest launchbrowserandurl -->
  <testcase name="@BeforeTest launchbrowserandurl" time="0.0" classname="com.mercury.basedriver.Basedriver">
    <ignored/>
  </testcase> <!-- @BeforeTest launchbrowserandurl -->
  <testcase name="@BeforeTest launchbrowserandurl" time="0.0" classname="com.mercury.basedriver.Basedriver">
    <ignored/>
  </testcase> <!-- @BeforeTest launchbrowserandurl -->
  <testcase name="@BeforeTest launchbrowserandurl" time="0.0" classname="com.mercury.basedriver.Basedriver">
    <ignored/>
  </testcase> <!-- @BeforeTest launchbrowserandurl -->
  <testcase name="@AfterTest closebrowser" time="0.0" classname="com.mercury.basedriver.Basedriver">
    <ignored/>
  </testcase> <!-- @AfterTest closebrowser -->
  <testcase name="@AfterTest closebrowser" time="0.0" classname="com.mercury.basedriver.Basedriver">
    <ignored/>
  </testcase> <!-- @AfterTest closebrowser -->
  <testcase name="@AfterTest closebrowser" time="0.0" classname="com.mercury.basedriver.Basedriver">
    <ignored/>
  </testcase> <!-- @AfterTest closebrowser -->
  <testcase name="@AfterTest closebrowser" time="0.0" classname="com.mercury.basedriver.Basedriver">
    <ignored/>
  </testcase> <!-- @AfterTest closebrowser -->
  <testcase name="@AfterTest closebrowser" time="0.0" classname="com.mercury.basedriver.Basedriver">
    <ignored/>
  </testcase> <!-- @AfterTest closebrowser -->
  <testcase name="@AfterTest closebrowser" time="0.0" classname="com.mercury.basedriver.Basedriver">
    <ignored/>
  </testcase> <!-- @AfterTest closebrowser -->
  <testcase name="@AfterTest closebrowser" time="0.0" classname="com.mercury.basedriver.Basedriver">
    <ignored/>
  </testcase> <!-- @AfterTest closebrowser -->
</testsuite> <!-- Test -->
